[11-04-2022 06:37:05] PayPal\Core\PayPalHttpConnection: INFO	: POST https://api.paypal.com/v1/oauth2/token
[11-04-2022 06:37:05] PayPal\Core\PayPalHttpConnection: INFO	: Response Status 	: 401
[11-04-2022 06:37:05] PayPal\Core\PayPalHttpConnection: ERROR	: Got Http response code 401 when accessing https://api.paypal.com/v1/oauth2/token. {"error":"invalid_client","error_description":"Client Authentication failed"}
[11-04-2022 06:38:36] PayPal\Core\PayPalHttpConnection: INFO	: POST https://api.paypal.com/v1/oauth2/token
[11-04-2022 06:38:37] PayPal\Core\PayPalHttpConnection: INFO	: Response Status 	: 401
[11-04-2022 06:38:37] PayPal\Core\PayPalHttpConnection: ERROR	: Got Http response code 401 when accessing https://api.paypal.com/v1/oauth2/token. {"error":"invalid_client","error_description":"Client Authentication failed"}
[11-04-2022 06:38:42] PayPal\Core\PayPalHttpConnection: INFO	: POST https://api.paypal.com/v1/oauth2/token
[11-04-2022 06:38:43] PayPal\Core\PayPalHttpConnection: INFO	: Response Status 	: 401
[11-04-2022 06:38:43] PayPal\Core\PayPalHttpConnection: ERROR	: Got Http response code 401 when accessing https://api.paypal.com/v1/oauth2/token. {"error":"invalid_client","error_description":"Client Authentication failed"}
[11-04-2022 06:39:45] PayPal\Core\PayPalHttpConnection: INFO	: POST https://api.paypal.com/v1/oauth2/token
[11-04-2022 06:39:45] PayPal\Core\PayPalHttpConnection: INFO	: Response Status 	: 401
[11-04-2022 06:39:45] PayPal\Core\PayPalHttpConnection: ERROR	: Got Http response code 401 when accessing https://api.paypal.com/v1/oauth2/token. {"error":"invalid_client","error_description":"Client Authentication failed"}
[11-04-2022 06:39:47] PayPal\Core\PayPalHttpConnection: INFO	: POST https://api.paypal.com/v1/oauth2/token
[11-04-2022 06:39:47] PayPal\Core\PayPalHttpConnection: INFO	: POST https://api.paypal.com/v1/oauth2/token
[11-04-2022 06:39:48] PayPal\Core\PayPalHttpConnection: INFO	: POST https://api.paypal.com/v1/oauth2/token
[11-04-2022 06:39:48] PayPal\Core\PayPalHttpConnection: INFO	: Response Status 	: 401
[11-04-2022 06:39:48] PayPal\Core\PayPalHttpConnection: ERROR	: Got Http response code 401 when accessing https://api.paypal.com/v1/oauth2/token. {"error":"invalid_client","error_description":"Client Authentication failed"}
[11-04-2022 06:39:48] PayPal\Core\PayPalHttpConnection: INFO	: Response Status 	: 401
[11-04-2022 06:39:48] PayPal\Core\PayPalHttpConnection: ERROR	: Got Http response code 401 when accessing https://api.paypal.com/v1/oauth2/token. {"error":"invalid_client","error_description":"Client Authentication failed"}
[11-04-2022 06:39:48] PayPal\Core\PayPalHttpConnection: INFO	: POST https://api.paypal.com/v1/oauth2/token
[11-04-2022 06:39:48] PayPal\Core\PayPalHttpConnection: INFO	: Response Status 	: 401
[11-04-2022 06:39:48] PayPal\Core\PayPalHttpConnection: ERROR	: Got Http response code 401 when accessing https://api.paypal.com/v1/oauth2/token. {"error":"invalid_client","error_description":"Client Authentication failed"}
[11-04-2022 06:39:48] PayPal\Core\PayPalHttpConnection: INFO	: Response Status 	: 401
[11-04-2022 06:39:48] PayPal\Core\PayPalHttpConnection: ERROR	: Got Http response code 401 when accessing https://api.paypal.com/v1/oauth2/token. {"error":"invalid_client","error_description":"Client Authentication failed"}
[11-04-2022 06:40:37] PayPal\Core\PayPalHttpConnection: INFO	: POST https://api.sandbox.paypal.com/v1/oauth2/token
[11-04-2022 06:40:37] PayPal\Core\PayPalHttpConnection: INFO	: Response Status 	: 200
[11-04-2022 06:40:37] PayPal\Core\PayPalHttpConnection: INFO	: POST https://api.sandbox.paypal.com/v1/payments/payment
[11-04-2022 06:40:38] PayPal\Core\PayPalHttpConnection: INFO	: Response Status 	: 201
